Arguments: 
  /Users/bilalanjum/.nvm/versions/node/v14.18.1/bin/node /Users/bilalanjum/.nvm/versions/node/v14.18.1/bin/yarn start

PATH: 
  /Users/bilalanjum/.nvm/versions/node/v14.18.1/bin:/usr/local/bin:/usr/bin:/bin:/usr/sbin:/sbin

Yarn version: 
  1.22.19

Node version: 
  14.18.1

Platform: 
  darwin x64

Trace: 
  SyntaxError: /Volumes/Bilal/projects/Evenet-Booking/package.json: Unexpected string in JSON at position 196
      at JSON.parse (<anonymous>)
      at /Users/bilalanjum/.nvm/versions/node/v14.18.1/lib/node_modules/yarn/lib/cli.js:1629:59
      at Generator.next (<anonymous>)
      at step (/Users/bilalanjum/.nvm/versions/node/v14.18.1/lib/node_modules/yarn/lib/cli.js:310:30)
      at /Users/bilalanjum/.nvm/versions/node/v14.18.1/lib/node_modules/yarn/lib/cli.js:321:13

npm manifest: 
  {
    "name": "sb-vue",
    "version": "0.1.0",
    "private": true,
    "scripts": {
      "heroku-prebuild": "yarn install",
      "serve": "vue-cli-service serve",
      "build": "vue-cli-service build"
      "start": "node server.js"
    },
    "dependencies": {
      "axios": "^0.21.1",
      "express": "^4.18.1",
      "install": "^0.13.0",
      "npm": "^7.20.6",
      "serve-static": "^1.15.0",
      "vue": "^3.2.4",
      "vue-router": "next",
      "vuex": "^4.0.2"
    },
    "devDependencies": {
      "@vue/cli-plugin-babel": "^4.4.0",
      "@vue/cli-service": "^4.4.0",
      "@vue/compiler-sfc": "^3.2.4"
    }
  }

yarn manifest: 
  No manifest

Lockfile: 
  No lockfile
